<?xml version="1.0" encoding="UTF-8"?>
<testng-results ignored="0" total="1" passed="1" failed="0" skipped="0">
  <reporter-output>
  </reporter-output>
  <suite started-at="2023-04-26T17:05:11 EDT" name="Default suite" finished-at="2023-04-26T17:05:14 EDT" duration-ms="2951">
    <groups>
    </groups>
    <test started-at="2023-04-26T17:05:11 EDT" name="Default test" finished-at="2023-04-26T17:05:14 EDT" duration-ms="2951">
      <class name="FinalProject.Get">
        <test-method signature="get()[pri:0, instance:FinalProject.Get@6db9f5a4]" started-at="2023-04-26T17:05:11 EDT" name="get" finished-at="2023-04-26T17:05:14 EDT" duration-ms="2849" status="PASS">
          <reporter-output>
          </reporter-output>
        </test-method> <!-- get -->
      </class> <!-- FinalProject.Get -->
    </test> <!-- Default test -->
  </suite> <!-- Default suite -->
</testng-results>
