<?xml version="1.0" encoding="UTF-8"?>
<testng-results ignored="0" total="1" passed="1" failed="0" skipped="0">
  <reporter-output>
  </reporter-output>
  <suite started-at="2023-04-26T17:01:42 EDT" name="Default suite" finished-at="2023-04-26T17:01:48 EDT" duration-ms="5846">
    <groups>
    </groups>
    <test started-at="2023-04-26T17:01:42 EDT" name="Default test" finished-at="2023-04-26T17:01:48 EDT" duration-ms="5846">
      <class name="Scenario5Test.TestScenario5">
        <test-method is-config="true" signature="launchApplication()[pri:0, instance:Scenario5Test.TestScenario5@1190200a]" started-at="2023-04-26T17:01:42 EDT" name="launchApplication" finished-at="2023-04-26T17:01:46 EDT" duration-ms="3811" status="PASS">
          <reporter-output>
          </reporter-output>
        </test-method> <!-- launchApplication -->
        <test-method signature="BuyFromS()[pri:0, instance:Scenario5Test.TestScenario5@1190200a]" started-at="2023-04-26T17:01:46 EDT" name="BuyFromS" finished-at="2023-04-26T17:01:47 EDT" duration-ms="1656" status="PASS">
          <reporter-output>
          </reporter-output>
        </test-method> <!-- BuyFromS -->
        <test-method is-config="true" signature="closebrowser()[pri:0, instance:Scenario5Test.TestScenario5@1190200a]" started-at="2023-04-26T17:01:47 EDT" name="closebrowser" finished-at="2023-04-26T17:01:48 EDT" duration-ms="291" status="PASS">
          <reporter-output>
          </reporter-output>
        </test-method> <!-- closebrowser -->
        <test-method is-config="true" signature="closeBrowser()[pri:0, instance:Scenario5Test.TestScenario5@1190200a]" started-at="2023-04-26T17:01:48 EDT" name="closeBrowser" finished-at="2023-04-26T17:01:48 EDT" depends-on-methods="Scenario5Test.TestScenario5.closebrowser" duration-ms="1" status="PASS">
          <reporter-output>
          </reporter-output>
        </test-method> <!-- closeBrowser -->
      </class> <!-- Scenario5Test.TestScenario5 -->
    </test> <!-- Default test -->
  </suite> <!-- Default suite -->
</testng-results>
